2018/09/04 10:48:56 にビルドを開始しました。
     1>ノード 2 上のプロジェクト "C:\Users\USER\documents\visual studio 2012\Projects\Packman3\Packman3\Packman3.vcxproj" (Build ターゲット)。
     1>ClCompile:
         C:\Program Files (x86)\Microsoft Visual Studio 11.0\VC\bin\CL.exe /c /I"C:\Users\USER\Documents\Visual Studio 2012\Projects\Packman3\Packman3\DxLib" /I"C:\Users\USER\documents\visual studio 2012\Projects\Packman3\Packman3\\" /ZI /nologo /W3 /WX- /sdl /Od /Oy- /D WIN32 /D _DEBUG /D _WINDOWS /D _MBCS /Gm /EHsc /RTC1 /MTd /GS /fp:precise /Zc:wchar_t /Zc:forScope /Fo"Debug\\" /Fd"Debug\vc110.pdb" /Gd /TP /analyze- /errorReport:prompt File.cpp Game\Character.cpp Game\Stage.cpp Game\StaticObject.cpp Image.cpp PackmanMain.cpp Sequence\Ending.cpp Sequence\GameOver.cpp Sequence\Game\Clear.cpp Sequence\Game\Pause.cpp Sequence\Game\Play.cpp Sequence\Parent.cpp Sequence\Title.cpp Singleton\Framerate.cpp Singleton\KeyboardManager.cpp Singleton\SoundManager.cpp
         SoundManager.cpp
         KeyboardManager.cpp
         Framerate.cpp
         Parent.cpp
         Play.cpp
         PackmanMain.cpp
         Image.cpp
         StaticObject.cpp
         Stage.cpp
         Character.cpp
         File.cpp
         コードを生成中...
         スキップ中... (関連する変更は検出されませんでした)
         Title.cpp
         Pause.cpp
         Clear.cpp
         GameOver.cpp
         Ending.cpp
         C:\Program Files (x86)\Microsoft Visual Studio 11.0\VC\bin\CL.exe /c /I"C:\Users\USER\Documents\Visual Studio 2012\Projects\Packman3\Packman3\DxLib" /I"C:\Users\USER\documents\visual studio 2012\Projects\Packman3\Packman3\\" /ZI /nologo /W3 /WX- /sdl /Od /Oy- /D WIN32 /D _DEBUG /D _WINDOWS /D _MBCS /Gm /EHsc /RTC1 /MTd /GS /fp:precise /Zc:wchar_t /Zc:forScope /Fo"Debug\Parent1.obj" /Fd"Debug\vc110.pdb" /Gd /TP /analyze- /errorReport:prompt Sequence\Game\Parent.cpp
         Parent.cpp
       Link:
         C:\Program Files (x86)\Microsoft Visual Studio 11.0\VC\bin\link.exe /ERRORREPORT:PROMPT /OUT:"C:\Users\USER\documents\visual studio 2012\Projects\Packman3\Debug\Packman3.exe" /INCREMENTAL /NOLOGO /LIBPATH:"C:\Users\USER\Documents\Visual Studio 2012\Projects\Packman3\Packman3\DxLib" kernel32.lib user32.lib gdi32.lib winspool.lib comdlg32.lib advapi32.lib shell32.lib ole32.lib oleaut32.lib uuid.lib odbc32.lib odbccp32.lib /MANIFEST /MANIFESTUAC:"level='asInvoker' uiAccess='false'" /manifest:embed /DEBUG /PDB:"C:\Users\USER\documents\visual studio 2012\Projects\Packman3\Debug\Packman3.pdb" /SUBSYSTEM:WINDOWS /TLBID:1 /DYNAMICBASE /NXCOMPAT /IMPLIB:"C:\Users\USER\documents\visual studio 2012\Projects\Packman3\Debug\Packman3.lib" /MACHINE:X86 Debug\File.obj
         Debug\Character.obj
         Debug\Stage.obj
         Debug\StaticObject.obj
         Debug\Image.obj
         Debug\PackmanMain.obj
         Debug\Ending.obj
         Debug\GameOver.obj
         Debug\Clear.obj
         Debug\Pause.obj
         Debug\Play.obj
         Debug\Ready.obj
         Debug\Parent.obj
         Debug\Title.obj
         Debug\Framerate.obj
         Debug\KeyboardManager.obj
         Debug\SoundManager.obj
         Debug\Parent1.obj
         Packman3.vcxproj -> C:\Users\USER\documents\visual studio 2012\Projects\Packman3\Debug\Packman3.exe
     1>プロジェクト "C:\Users\USER\documents\visual studio 2012\Projects\Packman3\Packman3\Packman3.vcxproj" (Build ターゲット) のビルドが完了しました。

ビルドに成功しました。

経過時間 00:00:10.49
